[WARNING]: provided hosts list is empty, only localhost is available. Note that the implicit localhost does not match 'all'
Using /etc/ansible/ansible.cfg as config file

PLAY [Section 9b - Configure Keycloak] *****************************************

TASK [Gathering Facts] *********************************************************
ok: [localhost]

TASK [Authenticate to Keycloak Admin] ******************************************
ok: [localhost] => {"attempts": 1, "changed": false, "cmd": "docker exec keycloak /opt/keycloak/bin/kcadm.sh config credentials --server http://localhost:8080 --realm master --user \"admin\" --password \"S3LhrRXzgogVmT1QWWigyZvJ9FvkRPi0\" --insecure\n", "delta": "0:00:00.979134", "end": "2026-04-26 03:27:05.081561", "msg": "", "rc": 0, "start": "2026-04-26 03:27:04.102427", "stderr": "Logging into http://localhost:8080 as user admin of realm master", "stderr_lines": ["Logging into http://localhost:8080 as user admin of realm master"], "stdout": "", "stdout_lines": []}

TASK [Check if OpenLDAP Provider exists] ***************************************
ok: [localhost] => {"changed": false, "cmd": "docker exec keycloak /opt/keycloak/bin/kcadm.sh get components -r master -q provider=ldap -q name=OpenLDAP --fields id --format csv --noquotes\n", "delta": "0:00:00.731898", "end": "2026-04-26 03:27:06.063149", "msg": "", "rc": 0, "start": "2026-04-26 03:27:05.331251", "stderr": "", "stderr_lines": [], "stdout": "eb6f5ca7-a4a9-4a71-924f-c0c11c438ff0", "stdout_lines": ["eb6f5ca7-a4a9-4a71-924f-c0c11c438ff0"]}

TASK [Create OpenLDAP Provider] ************************************************
skipping: [localhost] => {"changed": false, "false_condition": "ldap_provider_check.stdout == \"\"", "skip_reason": "Conditional result was False"}

TASK [Get OpenLDAP Provider ID] ************************************************
ok: [localhost] => {"changed": false, "cmd": "docker exec keycloak /opt/keycloak/bin/kcadm.sh get components -r master -q provider=ldap -q name=OpenLDAP --fields id --format csv --noquotes\n", "delta": "0:00:00.715198", "end": "2026-04-26 03:27:07.007357", "msg": "", "rc": 0, "start": "2026-04-26 03:27:06.292159", "stderr": "", "stderr_lines": [], "stdout": "eb6f5ca7-a4a9-4a71-924f-c0c11c438ff0", "stdout_lines": ["eb6f5ca7-a4a9-4a71-924f-c0c11c438ff0"]}

TASK [Check if OpenLDAP Group Mapper exists] ***********************************
ok: [localhost] => {"changed": false, "cmd": "docker exec keycloak /opt/keycloak/bin/kcadm.sh get components -r master -q provider=group-ldap-mapper -q name=\"OpenLDAP Groups\" -q parentId=\"eb6f5ca7-a4a9-4a71-924f-c0c11c438ff0\" --fields id --format csv --noquotes\n", "delta": "0:00:00.729965", "end": "2026-04-26 03:27:07.950851", "msg": "", "rc": 0, "start": "2026-04-26 03:27:07.220886", "stderr": "", "stderr_lines": [], "stdout": "", "stdout_lines": []}

TASK [Create OpenLDAP Group Mapper] ********************************************
[ERROR]: Task failed: Module failed: non-zero return code
Origin: /home/default_admin/core-template/core/playbooks/09b-configure-keycloak.yml:82:11

80           changed_when: false
81
82         - name: Create OpenLDAP Group Mapper
             ^ column 11

fatal: [localhost]: FAILED! => {"changed": true, "cmd": "docker exec keycloak /bin/bash -c \"/opt/keycloak/bin/kcadm.sh create components -r master \\\n  -s name=\\\"OpenLDAP Groups\\\" \\\n  -s providerId=group-ldap-mapper \\\n  -s providerType=org.keycloak.storage.ldap.mappers.LDAPStorageMapper \\\n  -s parentId=\\\"eb6f5ca7-a4a9-4a71-924f-c0c11c438ff0\\\" \\\n  -s 'config.groupsDn=[\\\"ou=groups,dc=lan,dc=j-j,dc=family\\\"]' \\\n  -s 'config.groupNameLDAPAttribute=[\\\"cn\\\"]' \\\n  -s 'config.groupObjectClasses=[\\\"groupOfNames\\\"]' \\\n  -s 'config.membershipLDAPAttribute=[\\\"member\\\"]' \\\n  -s 'config.membershipAttributeType=[\\\"DN\\\"]' \\\n  -s 'config.membershipUserLDAPAttribute=[\\\"uid\\\"]' \\\n  -s 'config.groupsPath=[\\\"/\\\"]' \\\n  -s 'config.mode=[\\\"IMPORT\\\"]' \\\n  -s 'config.userRolesRetrieveStrategy=[\\\"LOAD_GROUPS_BY_MEMBER_ATTRIBUTE\\\"]'\"\n", "delta": "0:00:00.747940", "end": "2026-04-26 03:27:08.899383", "msg": "non-zero return code", "rc": 1, "start": "2026-04-26 03:27:08.151443", "stderr": "Missing configuration for LDAP Groups DN", "stderr_lines": ["Missing configuration for LDAP Groups DN"], "stdout": "", "stdout_lines": []}

PLAY RECAP *********************************************************************
localhost                  : ok=5    changed=0    unreachable=0    failed=1    skipped=1    rescued=0    ignored=0   

